<?xml version="1.0" encoding="UTF-8"?>
<robot generator="Robot 7.3.2 (Python 3.13.7 on win32)" generated="2025-08-27T10:29:53.931290" rpa="false" schemaversion="5">
<suite id="s1" name="MeuTeste" source="C:\Users\marce\OneDrive\Documentos\PROJETOS\Estudo-Robotframeworks\MeuTeste.robot">
<test id="s1-t1" name="Caso numero 01" line="5">
<kw name="Minha primeira keyword" owner="MeuResource">
<kw name="Log To Console" owner="BuiltIn">
<arg>${\n}Olá, Robot Framework está funcionando! 🚀</arg>
<doc>Logs the given message to the console.</doc>
<status status="PASS" start="2025-08-27T10:29:53.973002" elapsed="0.001316"/>
</kw>
<status status="PASS" start="2025-08-27T10:29:53.972327" elapsed="0.002162"/>
</kw>
<status status="PASS" start="2025-08-27T10:29:53.971709" elapsed="0.003074"/>
</test>
<status status="PASS" start="2025-08-27T10:29:53.933222" elapsed="0.042048"/>
</suite>
<statistics>
<total>
<stat pass="1" fail="0" skip="0">All Tests</stat>
</total>
<tag>
</tag>
<suite>
<stat name="MeuTeste" id="s1" pass="1" fail="0" skip="0">MeuTeste</stat>
</suite>
</statistics>
<errors>
<msg time="2025-08-27T10:29:53.970477" level="WARN">Error in file 'C:\Users\marce\OneDrive\Documentos\PROJETOS\Estudo-Robotframeworks\MeuResource.robot' on line 1: Singular section headers like '*** keyword ***' are deprecated. Use plural format like '*** Keywords ***' instead.</msg>
</errors>
</robot>
