<?xml version="1.0" encoding="UTF-8"?>
<robot generator="Robot 7.3.2 (Python 3.13.7 on win32)" generated="2025-08-31T11:08:37.392502" rpa="false" schemaversion="5">
<suite id="s1" name="Base" source="C:\Users\marce\OneDrive\Documentos\PROJETOS\Estudo-Robotframeworks\ServeRest\base.robot">
<test id="s1-t1" name="Cenario: POST Realizar Login 200" line="36">
<kw name="Criar Sessao">
<kw name="Create Session" owner="RequestsLibrary">
<msg time="2025-08-31T11:08:37.560719" level="INFO">Creating Session using : alias=serverest, url=https://compassuol.serverest.dev, headers={},                     cookies={}, auth=None, timeout=None, proxies=None, verify=False,                     debug=0 </msg>
<arg>serverest</arg>
<arg>https://compassuol.serverest.dev</arg>
<doc>Create Session: create a HTTP session to a server</doc>
<status status="PASS" start="2025-08-31T11:08:37.560609" elapsed="0.000280"/>
</kw>
<status status="PASS" start="2025-08-31T11:08:37.560162" elapsed="0.000798"/>
</kw>
<kw name="POST Endpoint /login" owner="login_keywords">
<kw name="Create Dictionary" owner="BuiltIn">
<msg time="2025-08-31T11:08:37.562111" level="INFO">&amp;{payload} = { email=fulano@qa.com | password=teste }</msg>
<var>&amp;{payload}</var>
<arg>email=${email_para_loggin}</arg>
<arg>password=${password_para_login}</arg>
<doc>Creates and returns a dictionary based on the given ``items``.</doc>
<status status="PASS" start="2025-08-31T11:08:37.561510" elapsed="0.000629"/>
</kw>
<kw name="POST On Session" owner="RequestsLibrary">
<msg time="2025-08-31T11:08:38.178357" level="INFO">POST Request : url=https://compassuol.serverest.dev/login 
 path_url=/login 
 headers={'User-Agent': 'python-requests/2.32.5', 'Accept-Encoding': 'gzip, deflate', 'Accept': '*/*', 'Connection': 'keep-alive', 'Content-Length': '36', 'Content-Type': 'application/x-www-form-urlencoded'} 
 body=email=fulano%40qa.com&amp;password=teste 
 </msg>
<msg time="2025-08-31T11:08:38.178516" level="INFO">POST Response : url=https://compassuol.serverest.dev/login 
 status=200, reason=OK 
 headers={'access-control-allow-origin': '*', 'x-dns-prefetch-control': 'off', 'x-frame-options': 'SAMEORIGIN', 'strict-transport-security': 'max-age=15552000; includeSubDomains', 'x-download-options': 'noopen', 'x-content-type-options': 'nosniff', 'x-xss-protection': '1; mode=block', 'content-type': 'application/json; charset=utf-8', 'x-cloud-trace-context': 'a9a532d26597c496909f2ddea6ec1dd3;o=1', 'date': 'Sun, 31 Aug 2025 14:08:40 GMT', 'server': 'Google Frontend', 'Content-Length': '265'} 
 body={
    "message": "Login realizado com sucesso",
    "authorization": "Bearer eyJhbGciOiJIUzI1NiIsInR5cCI6IkpXVCJ9.eyJlbWFpbCI6ImZ1bGFub0BxYS5jb20iLCJwYXNzd29yZCI6InRlc3RlIiwiaWF0IjoxNzU2NjQ5MzIwLCJleHAiOjE3NTY2NDk5MjB9.05M-fva1zfh60pWIXVoYZzQIC3zy84DVD9BbZkXPbI0"
} 
 </msg>
<msg time="2025-08-31T11:08:38.178675" level="INFO">C:\Users\marce\AppData\Local\Programs\Python\Python313\Lib\site-packages\urllib3\connectionpool.py:1097: InsecureRequestWarning: Unverified HTTPS request is being made to host 'compassuol.serverest.dev'. Adding certificate verification is strongly advised. See: https://urllib3.readthedocs.io/en/latest/advanced-usage.html#tls-warnings
  warnings.warn(</msg>
<msg time="2025-08-31T11:08:38.179112" level="INFO">${response} = &lt;Response [200]&gt;</msg>
<var>${response}</var>
<arg>serverest</arg>
<arg>/login</arg>
<arg>data=${payload}</arg>
<doc>Sends a POST request on a previously created HTTP Session.</doc>
<status status="PASS" start="2025-08-31T11:08:37.562233" elapsed="0.616944"/>
</kw>
<kw name="Log To Console" owner="BuiltIn">
<arg>Response: ${response.content}</arg>
<doc>Logs the given message to the console.</doc>
<status status="PASS" start="2025-08-31T11:08:38.179360" elapsed="0.000680"/>
</kw>
<kw name="Set Global Variable" owner="BuiltIn">
<msg time="2025-08-31T11:08:38.180376" level="INFO">${response} = &lt;Response [200]&gt;</msg>
<arg>${response}</arg>
<doc>Makes a variable available globally in all tests and suites.</doc>
<status status="PASS" start="2025-08-31T11:08:38.180182" elapsed="0.000232"/>
</kw>
<status status="PASS" start="2025-08-31T11:08:37.561309" elapsed="0.619166"/>
</kw>
<kw name="Validar Status Code &quot;200&quot;" source_name="Validar Status Code &quot;${statuscode}&quot;">
<kw name="Should Be True" owner="BuiltIn">
<arg>${response.status_code} == ${statuscode}</arg>
<doc>Fails if the given condition is not true.</doc>
<status status="PASS" start="2025-08-31T11:08:38.181154" elapsed="0.000770"/>
</kw>
<status status="PASS" start="2025-08-31T11:08:38.180879" elapsed="0.001103"/>
</kw>
<tag>POSTLOGIN</tag>
<status status="PASS" start="2025-08-31T11:08:37.558505" elapsed="0.623977"/>
</test>
<doc>Arquivo base para estudo do Robotframeworks para teste de APIs</doc>
<status status="PASS" start="2025-08-31T11:08:37.394295" elapsed="0.789777"/>
</suite>
<statistics>
<total>
<stat pass="1" fail="0" skip="0">All Tests</stat>
</total>
<tag>
<stat pass="1" fail="0" skip="0">POSTLOGIN</stat>
</tag>
<suite>
<stat name="Base" id="s1" pass="1" fail="0" skip="0">Base</stat>
</suite>
</statistics>
<errors>
</errors>
</robot>
