<?xml version="1.0" encoding="UTF-8"?>
<robot generator="Robot 7.3.2 (Python 3.13.7 on win32)" generated="2025-08-29T09:44:08.981796" rpa="false" schemaversion="5">
<suite id="s1" name="Keywords" source="C:\Users\marce\OneDrive\Documentos\PROJETOS\Estudo-Robotframeworks\VideosExemplos\keywords.robot">
<test id="s1-t1" name="Validar acesso e clique em menu" line="10">
<kw name="Acessar Site">
<kw name="Open Browser" owner="SeleniumLibrary">
<msg time="2025-08-29T09:44:10.120467" level="INFO">Opening browser 'chrome' to base url 'https://compass.uol/'.</msg>
<arg>${URL}</arg>
<arg>${BROWSER}</arg>
<doc>Opens a new browser instance to the optional ``url``.</doc>
<status status="PASS" start="2025-08-29T09:44:10.119943" elapsed="8.553645"/>
</kw>
<status status="PASS" start="2025-08-29T09:44:10.118004" elapsed="8.556011"/>
</kw>
<kw name="Clicar em &quot;Innovation Studios&quot;">
<kw name="Click Element" owner="SeleniumLibrary">
<msg time="2025-08-29T09:44:18.676173" level="INFO">Clicking element 'xpath=//a[contains(text(), "Innovation Studios" )]'.</msg>
<arg>${CLIQUE_MENU1}</arg>
<doc>Click the element identified by ``locator``.</doc>
<status status="PASS" start="2025-08-29T09:44:18.675500" elapsed="0.913166"/>
</kw>
<status status="PASS" start="2025-08-29T09:44:18.674817" elapsed="0.914549"/>
</kw>
<kw name="Close All Browsers" owner="SeleniumLibrary">
<doc>Closes all open browsers and resets the browser cache.</doc>
<status status="PASS" start="2025-08-29T09:44:19.590409" elapsed="2.336766"/>
</kw>
<status status="PASS" start="2025-08-29T09:44:10.116457" elapsed="11.811605"/>
</test>
<status status="PASS" start="2025-08-29T09:44:08.985907" elapsed="12.943655"/>
</suite>
<statistics>
<total>
<stat pass="1" fail="0" skip="0">All Tests</stat>
</total>
<tag>
</tag>
<suite>
<stat name="Keywords" id="s1" pass="1" fail="0" skip="0">Keywords</stat>
</suite>
</statistics>
<errors>
</errors>
</robot>
